2025-08-21 19:09:52,281 - INFO - 🚀 Starting GitHub Profile Updater
2025-08-21 19:09:52,281 - INFO - Starting workspace scan at: /workspace
2025-08-21 19:09:52,281 - INFO - Maximum scan depth: 5
2025-08-21 19:09:52,281 - INFO - Scanning depth 0...
2025-08-21 19:09:52,281 - INFO - Found project: demo_project
2025-08-21 19:09:52,285 - INFO - Found project: demo_python_project
2025-08-21 19:09:52,286 - INFO - Scanning depth 1...
2025-08-21 19:09:52,286 - INFO - Found project: demo_project
2025-08-21 19:09:52,287 - INFO - Found project: demo_python_project
2025-08-21 19:09:52,287 - INFO - Scanning depth 2...
2025-08-21 19:09:52,288 - INFO - Found project: demo_project
2025-08-21 19:09:52,288 - INFO - Found project: demo_python_project
2025-08-21 19:09:52,289 - INFO - Scanning depth 3...
2025-08-21 19:09:52,289 - INFO - Found project: demo_project
2025-08-21 19:09:52,290 - INFO - Found project: demo_python_project
2025-08-21 19:09:52,291 - INFO - Scanning depth 4...
2025-08-21 19:09:52,291 - INFO - Found project: demo_project
2025-08-21 19:09:52,292 - INFO - Found project: demo_python_project
2025-08-21 19:09:52,293 - INFO - Scanning depth 5...
2025-08-21 19:09:52,293 - INFO - Found project: demo_project
2025-08-21 19:09:52,294 - INFO - Found project: demo_python_project
2025-08-21 19:09:52,295 - INFO - Scan complete. Found 12 projects
2025-08-21 19:09:52,295 - INFO - Discovered 21 unique technologies
2025-08-21 19:09:52,295 - INFO - ✅ Profile update complete!
2025-08-21 19:09:52,295 - INFO - 📁 Updated profile saved to: README_UPDATED.md
2025-08-21 19:09:52,295 - INFO - 📊 Project analysis saved to: project_analysis.json
2025-08-21 19:09:52,295 - INFO - 🔍 Discovered 12 projects with 21 technologies
2025-08-21 19:10:43,382 - INFO - 🚀 Starting GitHub Profile Updater
2025-08-21 19:10:43,382 - INFO - Starting workspace scan at: /workspace
2025-08-21 19:10:43,382 - INFO - Maximum scan depth: 5
2025-08-21 19:10:43,383 - INFO - Scanning depth 0...
2025-08-21 19:10:43,383 - INFO - Found project: demo_project
2025-08-21 19:10:43,386 - INFO - Found project: demo_python_project
2025-08-21 19:10:43,387 - INFO - Scanning depth 1...
2025-08-21 19:10:43,387 - INFO - Scanning depth 2...
2025-08-21 19:10:43,387 - INFO - Scanning depth 3...
2025-08-21 19:10:43,387 - INFO - Scanning depth 4...
2025-08-21 19:10:43,387 - INFO - Scanning depth 5...
2025-08-21 19:10:43,387 - INFO - Scan complete. Found 2 projects
2025-08-21 19:10:43,387 - INFO - Discovered 20 unique technologies
2025-08-21 19:10:43,388 - INFO - ✅ Profile update complete!
2025-08-21 19:10:43,388 - INFO - 📁 Updated profile saved to: README_UPDATED.md
2025-08-21 19:10:43,388 - INFO - 📊 Project analysis saved to: project_analysis.json
2025-08-21 19:10:43,388 - INFO - 🔍 Discovered 2 projects with 20 technologies
2025-08-21 19:11:15,865 - INFO - 🚀 Starting GitHub Profile Updater
2025-08-21 19:11:15,865 - INFO - Starting workspace scan at: /workspace
2025-08-21 19:11:15,865 - INFO - Maximum scan depth: 5
2025-08-21 19:11:15,865 - INFO - Scanning depth 0...
2025-08-21 19:11:15,865 - INFO - Scanning depth 1...
2025-08-21 19:11:15,865 - INFO - Scanning depth 2...
2025-08-21 19:11:15,865 - INFO - Scanning depth 3...
2025-08-21 19:11:15,865 - INFO - Scanning depth 4...
2025-08-21 19:11:15,865 - INFO - Scanning depth 5...
2025-08-21 19:11:15,866 - INFO - Scan complete. Found 0 projects
2025-08-21 19:11:15,866 - INFO - Discovered 0 unique technologies
2025-08-21 19:11:15,866 - WARNING - No projects found. Check your configuration and workspace path.
